Build started 9/12/2013 00:59:31.
     1>Project "C:\Users\Dean\documents\visual studio 2010\Projects\sdl\brickbreaker\brickbreaker.vcxproj" on node 2 (build target(s)).
     1>InitializeBuildStatus:
         Creating "Debug\brickbreaker.unsuccessfulbuild" because "AlwaysCreate" was specified.
       ClCompile:
         c:\Program Files (x86)\Microsoft Visual Studio 10.0\VC\bin\CL.exe /c /ZI /nologo /W3 /WX- /Od /Oy- /D _MBCS /Gm /EHsc /RTC1 /MDd /GS /fp:precise /Zc:wchar_t /Zc:forScope /Fo"Debug\\" /Fd"Debug\vc100.pdb" /Gd /TP /analyze- /errorReport:prompt board.cpp
         board.cpp
       Link:
         c:\Program Files (x86)\Microsoft Visual Studio 10.0\VC\bin\link.exe /ERRORREPORT:PROMPT /OUT:"C:\Users\Dean\documents\visual studio 2010\Projects\sdl\Debug\brickbreaker.exe" /NOLOGO SDL.lib SDLmain.lib SDL_image.lib SDL_mixer.lib SDL_ttf.lib kernel32.lib user32.lib gdi32.lib winspool.lib comdlg32.lib advapi32.lib shell32.lib ole32.lib oleaut32.lib uuid.lib odbc32.lib odbccp32.lib /MANIFEST /ManifestFile:"Debug\brickbreaker.exe.intermediate.manifest" /MANIFESTUAC:"level='asInvoker' uiAccess='false'" /DEBUG /PDB:"C:\Users\Dean\documents\visual studio 2010\Projects\sdl\Debug\brickbreaker.pdb" /SUBSYSTEM:WINDOWS /TLBID:1 /DYNAMICBASE /NXCOMPAT /IMPLIB:"C:\Users\Dean\documents\visual studio 2010\Projects\sdl\Debug\brickbreaker.lib" /MACHINE:X86 Debug\timer.obj
         Debug\bar.obj
         Debug\board.obj
         Debug\globals.obj
         Debug\main.obj
         Debug\sdlfuncs.obj
         LINK : C:\Users\Dean\documents\visual studio 2010\Projects\sdl\Debug\brickbreaker.exe not found or not built by the last incremental link; performing full link
     1>MSVCRTD.lib(cinitexe.obj) : warning LNK4098: defaultlib 'msvcrt.lib' conflicts with use of other libs; use /NODEFAULTLIB:library
         brickbreaker.vcxproj -> C:\Users\Dean\documents\visual studio 2010\Projects\sdl\Debug\brickbreaker.exe
       Manifest:
         C:\Program Files (x86)\Microsoft SDKs\Windows\v7.0A\bin\mt.exe /nologo /verbose /outputresource:"C:\Users\Dean\documents\visual studio 2010\Projects\sdl\Debug\brickbreaker.exe;#1" /manifest Debug\brickbreaker.exe.intermediate.manifest
       FinalizeBuildStatus:
         Deleting file "Debug\brickbreaker.unsuccessfulbuild".
         Touching "Debug\brickbreaker.lastbuildstate".
     1>Done Building Project "C:\Users\Dean\documents\visual studio 2010\Projects\sdl\brickbreaker\brickbreaker.vcxproj" (build target(s)).

Build succeeded.

Time Elapsed 00:00:02.54
