C:\USERS\DEAN\DOCUMENTS\VISUAL STUDIO 2010\PROJECTS\SDL\BRICKBREAKER\DEBUG\BAR.OBJ
C:\USERS\DEAN\DOCUMENTS\VISUAL STUDIO 2010\PROJECTS\SDL\BRICKBREAKER\DEBUG\BOARD.OBJ
C:\USERS\DEAN\DOCUMENTS\VISUAL STUDIO 2010\PROJECTS\SDL\BRICKBREAKER\DEBUG\BRICKBREAKER.EXE.INTERMEDIATE.MANIFEST
C:\Users\Dean\documents\visual studio 2010\Projects\sdl\brickbreaker\Debug\cl.command.1.tlog
C:\Users\Dean\documents\visual studio 2010\Projects\sdl\brickbreaker\Debug\CL.read.1.tlog
C:\Users\Dean\documents\visual studio 2010\Projects\sdl\brickbreaker\Debug\CL.write.1.tlog
C:\USERS\DEAN\DOCUMENTS\VISUAL STUDIO 2010\PROJECTS\SDL\BRICKBREAKER\DEBUG\GLOBALS.OBJ
C:\Users\Dean\documents\visual studio 2010\Projects\sdl\brickbreaker\Debug\link.command.1.tlog
C:\Users\Dean\documents\visual studio 2010\Projects\sdl\brickbreaker\Debug\link.read.1.tlog
C:\Users\Dean\documents\visual studio 2010\Projects\sdl\brickbreaker\Debug\link.write.1.tlog
C:\USERS\DEAN\DOCUMENTS\VISUAL STUDIO 2010\PROJECTS\SDL\BRICKBREAKER\DEBUG\MAIN.OBJ
C:\Users\Dean\documents\visual studio 2010\Projects\sdl\brickbreaker\Debug\mt.command.1.tlog
C:\Users\Dean\documents\visual studio 2010\Projects\sdl\brickbreaker\Debug\mt.read.1.tlog
C:\Users\Dean\documents\visual studio 2010\Projects\sdl\brickbreaker\Debug\mt.write.1.tlog
C:\USERS\DEAN\DOCUMENTS\VISUAL STUDIO 2010\PROJECTS\SDL\BRICKBREAKER\DEBUG\SDLFUNCS.OBJ
C:\USERS\DEAN\DOCUMENTS\VISUAL STUDIO 2010\PROJECTS\SDL\BRICKBREAKER\DEBUG\TIMER.OBJ
C:\Users\Dean\documents\visual studio 2010\Projects\sdl\brickbreaker\Debug\vc100.idb
C:\USERS\DEAN\DOCUMENTS\VISUAL STUDIO 2010\PROJECTS\SDL\BRICKBREAKER\DEBUG\VC100.PDB
C:\USERS\DEAN\DOCUMENTS\VISUAL STUDIO 2010\PROJECTS\SDL\DEBUG\BRICKBREAKER.EXE
C:\USERS\DEAN\DOCUMENTS\VISUAL STUDIO 2010\PROJECTS\SDL\DEBUG\BRICKBREAKER.ILK
C:\USERS\DEAN\DOCUMENTS\VISUAL STUDIO 2010\PROJECTS\SDL\DEBUG\BRICKBREAKER.PDB
