Build started 8/11/2013 13:54:47.
     1>Project "C:\Users\Dean\documents\visual studio 2010\Projects\sdl\brickbreaker\brickbreaker.vcxproj" on node 2 (build target(s)).
     1>InitializeBuildStatus:
         Touching "Release\brickbreaker.unsuccessfulbuild".
       ClCompile:
         c:\Program Files (x86)\Microsoft Visual Studio 10.0\VC\bin\CL.exe /c /Zi /nologo /W3 /WX- /O2 /Oi /Oy- /GL /D _MBCS /Gm- /EHsc /MD /GS /Gy /fp:precise /Zc:wchar_t /Zc:forScope /Fo"Release\\" /Fd"Release\vc100.pdb" /Gd /TP /analyze- /errorReport:prompt ..\sdl\timer.cpp bar.cpp board.cpp globals.cpp main.cpp sdlfuncs.cpp
         timer.cpp
     1>..\sdl\timer.cpp(2): fatal error C1083: Cannot open include file: 'SDL.h': No such file or directory
         bar.cpp
     1>bar.cpp(1): fatal error C1083: Cannot open include file: 'SDL_ttf.h': No such file or directory
         board.cpp
     1>c:\users\dean\documents\visual studio 2010\projects\sdl\brickbreaker\sdlfuncs.h(5): fatal error C1083: Cannot open include file: 'SDL.h': No such file or directory
         globals.cpp
     1>c:\users\dean\documents\visual studio 2010\projects\sdl\brickbreaker\globals.h(4): fatal error C1083: Cannot open include file: 'SDL.h': No such file or directory
         main.cpp
     1>main.cpp(1): fatal error C1083: Cannot open include file: 'SDL.h': No such file or directory
         sdlfuncs.cpp
     1>sdlfuncs.cpp(1): fatal error C1083: Cannot open include file: 'SDL.h': No such file or directory
     1>Done Building Project "C:\Users\Dean\documents\visual studio 2010\Projects\sdl\brickbreaker\brickbreaker.vcxproj" (build target(s)) -- FAILED.

Build FAILED.

Time Elapsed 00:00:01.84
